C:\USERS\Максим\DESKTOP\Практика по АСД\АСД 3\ASD3\ASD3\DEBUG\ASD3.EXE.EMBED.MANIFEST
C:\USERS\Максим\DESKTOP\Практика по АСД\АСД 3\ASD3\ASD3\DEBUG\ASD3.EXE.EMBED.MANIFEST.RES
C:\USERS\Максим\DESKTOP\Практика по АСД\АСД 3\ASD3\ASD3\DEBUG\ASD3.EXE.INTERMEDIATE.MANIFEST
C:\USERS\Максим\DESKTOP\Практика по АСД\АСД 3\ASD3\ASD3\DEBUG\ASD3.OBJ
C:\USERS\Максим\DESKTOP\Практика по АСД\АСД 3\ASD3\ASD3\DEBUG\ASD3.PCH
C:\Users\Максим\Desktop\Практика по АСД\АСД 3\ASD3\ASD3\Debug\ASD3.vcxprojResolveAssemblyReference.cache
C:\Users\Максим\Desktop\Практика по АСД\АСД 3\ASD3\ASD3\Debug\ASD3.write.1.tlog
C:\Users\Максим\Desktop\Практика по АСД\АСД 3\ASD3\ASD3\Debug\ASD3_manifest.rc
C:\Users\Максим\Desktop\Практика по АСД\АСД 3\ASD3\ASD3\Debug\cl.command.1.tlog
C:\Users\Максим\Desktop\Практика по АСД\АСД 3\ASD3\ASD3\Debug\CL.read.1.tlog
C:\Users\Максим\Desktop\Практика по АСД\АСД 3\ASD3\ASD3\Debug\CL.write.1.tlog
C:\Users\Максим\Desktop\Практика по АСД\АСД 3\ASD3\ASD3\Debug\link.11648.read.1.tlog
C:\Users\Максим\Desktop\Практика по АСД\АСД 3\ASD3\ASD3\Debug\link.11648.write.1.tlog
C:\Users\Максим\Desktop\Практика по АСД\АСД 3\ASD3\ASD3\Debug\link.11648-cvtres.read.1.tlog
C:\Users\Максим\Desktop\Практика по АСД\АСД 3\ASD3\ASD3\Debug\link.11648-cvtres.write.1.tlog
C:\Users\Максим\Desktop\Практика по АСД\АСД 3\ASD3\ASD3\Debug\link.13176.read.1.tlog
C:\Users\Максим\Desktop\Практика по АСД\АСД 3\ASD3\ASD3\Debug\link.13176.write.1.tlog
C:\Users\Максим\Desktop\Практика по АСД\АСД 3\ASD3\ASD3\Debug\link.13176-cvtres.read.1.tlog
C:\Users\Максим\Desktop\Практика по АСД\АСД 3\ASD3\ASD3\Debug\link.13176-cvtres.write.1.tlog
C:\Users\Максим\Desktop\Практика по АСД\АСД 3\ASD3\ASD3\Debug\link.13408.read.1.tlog
C:\Users\Максим\Desktop\Практика по АСД\АСД 3\ASD3\ASD3\Debug\link.13408.write.1.tlog
C:\Users\Максим\Desktop\Практика по АСД\АСД 3\ASD3\ASD3\Debug\link.13408-cvtres.read.1.tlog
C:\Users\Максим\Desktop\Практика по АСД\АСД 3\ASD3\ASD3\Debug\link.13408-cvtres.write.1.tlog
C:\Users\Максим\Desktop\Практика по АСД\АСД 3\ASD3\ASD3\Debug\link.command.1.tlog
C:\Users\Максим\Desktop\Практика по АСД\АСД 3\ASD3\ASD3\Debug\link.read.1.tlog
C:\Users\Максим\Desktop\Практика по АСД\АСД 3\ASD3\ASD3\Debug\link.write.1.tlog
C:\Users\Максим\Desktop\Практика по АСД\АСД 3\ASD3\ASD3\Debug\link-cvtres.read.1.tlog
C:\Users\Максим\Desktop\Практика по АСД\АСД 3\ASD3\ASD3\Debug\link-cvtres.write.1.tlog
C:\Users\Максим\Desktop\Практика по АСД\АСД 3\ASD3\ASD3\Debug\mt.command.1.tlog
C:\Users\Максим\Desktop\Практика по АСД\АСД 3\ASD3\ASD3\Debug\mt.read.1.tlog
C:\Users\Максим\Desktop\Практика по АСД\АСД 3\ASD3\ASD3\Debug\mt.write.1.tlog
C:\Users\Максим\Desktop\Практика по АСД\АСД 3\ASD3\ASD3\Debug\rc.command.1.tlog
C:\Users\Максим\Desktop\Практика по АСД\АСД 3\ASD3\ASD3\Debug\rc.read.1.tlog
C:\Users\Максим\Desktop\Практика по АСД\АСД 3\ASD3\ASD3\Debug\rc.write.1.tlog
C:\USERS\Максим\DESKTOP\Практика по АСД\АСД 3\ASD3\ASD3\DEBUG\STDAFX.OBJ
C:\Users\Максим\Desktop\Практика по АСД\АСД 3\ASD3\ASD3\Debug\vc100.idb
C:\USERS\МАКСИМ\DESKTOP\ПРАКТИКА ПО АСД\АСД 3\ASD3\ASD3\DEBUG\VC100.PDB
C:\USERS\Максим\DESKTOP\Практика по АСД\АСД 3\ASD3\DEBUG\ASD3.EXE
C:\USERS\Максим\DESKTOP\Практика по АСД\АСД 3\ASD3\DEBUG\ASD3.ILK
C:\USERS\МАКСИМ\DESKTOP\ПРАКТИКА ПО АСД\АСД 3\ASD3\DEBUG\ASD3.PDB
