Build started 04.12.2017 14:33:53.
     1>Project "C:\Users\Максим\Desktop\Практика по АСД\АСД 4\ASD_4\ASD_4\ASD_4.vcxproj" on node 2 (build target(s)).
     1>InitializeBuildStatus:
         Creating "Debug\ASD_4.unsuccessfulbuild" because "AlwaysCreate" was specified.
       ClCompile:
         All outputs are up-to-date.
         C:\Program Files (x86)\Microsoft Visual Studio 10.0\VC\bin\CL.exe /c /ZI /nologo /W3 /WX- /Od /Oy- /D WIN32 /D _DEBUG /D _CONSOLE /D _UNICODE /D UNICODE /Gm /EHsc /RTC1 /MDd /GS /fp:precise /Zc:wchar_t /Zc:forScope /Yu"StdAfx.h" /Fp"Debug\ASD_4.pch" /Fo"Debug\\" /Fd"Debug\vc100.pdb" /Gd /TP /analyze- /errorReport:prompt ASD_4.cpp
         ASD_4.cpp
     1>c:\users\максим\desktop\практика по асд\асд 4\asd_4\asd_4\asd_4.cpp(410): warning C4996: 'getch': The POSIX name for this item is deprecated. Instead, use the ISO C++ conformant name: _getch. See online help for details.
                 c:\program files (x86)\microsoft visual studio 10.0\vc\include\conio.h(128) : see declaration of 'getch'
       ManifestResourceCompile:
         All outputs are up-to-date.
       Link:
         C:\Program Files (x86)\Microsoft Visual Studio 10.0\VC\bin\link.exe /ERRORREPORT:PROMPT /OUT:"C:\Users\Максим\Desktop\Практика по АСД\АСД 4\ASD_4\Debug\ASD_4.exe" /INCREMENTAL /NOLOGO kernel32.lib user32.lib gdi32.lib winspool.lib comdlg32.lib advapi32.lib shell32.lib ole32.lib oleaut32.lib uuid.lib odbc32.lib odbccp32.lib /MANIFEST /ManifestFile:"Debug\ASD_4.exe.intermediate.manifest" /MANIFESTUAC:"level='asInvoker' uiAccess='false'" /DEBUG /PDB:"C:\Users\Максим\Desktop\Практика по АСД\АСД 4\ASD_4\Debug\ASD_4.pdb" /SUBSYSTEM:CONSOLE /TLBID:1 /DYNAMICBASE /NXCOMPAT /IMPLIB:"C:\Users\Максим\Desktop\Практика по АСД\АСД 4\ASD_4\Debug\ASD_4.lib" /MACHINE:X86 Debug\ASD_4.exe.embed.manifest.res
         Debug\ASD_4.obj
         Debug\stdafx.obj
       Manifest:
         C:\Program Files (x86)\Microsoft SDKs\Windows\v7.0A\bin\mt.exe /nologo /verbose /out:"Debug\ASD_4.exe.embed.manifest" /manifest Debug\ASD_4.exe.intermediate.manifest
         All outputs are up-to-date.
       LinkEmbedManifest:
         All outputs are up-to-date.
         ASD_4.vcxproj -> C:\Users\Максим\Desktop\Практика по АСД\АСД 4\ASD_4\Debug\ASD_4.exe
       FinalizeBuildStatus:
         Deleting file "Debug\ASD_4.unsuccessfulbuild".
         Touching "Debug\ASD_4.lastbuildstate".
     1>Done Building Project "C:\Users\Максим\Desktop\Практика по АСД\АСД 4\ASD_4\ASD_4\ASD_4.vcxproj" (build target(s)).

Build succeeded.

Time Elapsed 00:00:03.66
